<?xml version="1.0" encoding="UTF-8"?>
<testsuite name="org.learning.ws.service.GreetingServiceTest" time="0.69" tests="8" errors="0" skipped="0" failures="0">
  <properties>
[...]
</properties>
  <testcase name="testCreateWithId" classname="org.learning.ws.service.GreetingServiceTest" time="0.039"/>
  <testcase name="testFindOneNotFound" classname="org.learning.ws.service.GreetingServiceTest" time="0.075"/>
  <testcase name="testFindAll" classname="org.learning.ws.service.GreetingServiceTest" time="0.308"/>
  <testcase name="testFindOne" classname="org.learning.ws.service.GreetingServiceTest" time="0.021"/>
  <testcase name="testUpdateNotFound" classname="org.learning.ws.service.GreetingServiceTest" time="0.04"/>
  <testcase name="testCreate" classname="org.learning.ws.service.GreetingServiceTest" time="0.079"/>
  <testcase name="testDelete" classname="org.learning.ws.service.GreetingServiceTest" time="0.085"/>
  <testcase name="testUpdate" classname="org.learning.ws.service.GreetingServiceTest" time="0.043"/>
</testsuite>